2025-01-31 16:13:00 - [91m[404][0m Found: http://www.sourashtracollege.com/usuarios/
2025-01-31 16:13:01 - [91m[404][0m Found: http://www.sourashtracollege.com/usuarios/login.php
2025-01-31 16:13:02 - [91m[404][0m Found: http://www.sourashtracollege.com/usuarios/
2025-01-31 16:13:03 - [92m[200][0m Found: http://www.sourashtracollege.com/AdminLogin.aspx
2025-01-31 16:13:04 - [91m[404][0m Found: http://www.sourashtracollege.com/usuarios/login.cfm
2025-01-31 16:13:04 - [91m[404][0m Found: http://www.sourashtracollege.com/usuarios/
2025-01-31 16:13:21 - [91m[404][0m Found: http://www.sourashtracollege.com/usuarios/
2025-01-31 16:13:23 - [91m[404][0m Found: http://www.sourashtracollege.com/usuarios/login.cgi
2025-01-31 16:13:24 - [91m[404][0m Found: http://www.sourashtracollege.com/usuarios/
2025-01-31 16:13:25 - [91m[404][0m Found: http://www.sourashtracollege.com/usuarios/login.brf
2025-01-31 16:13:27 - [91m[404][0m Found: http://www.sourashtracollege.com/newsadmin/
2025-01-31 16:13:27 - [93m[301][0m Found: http://www.sourashtracollege.com/admin
2025-01-31 16:13:27 - [93m[301][0m Found: http://www.sourashtracollege.com/test
2025-01-31 16:13:28 - [93m[301][0m Found: http://www.sourashtracollege.com/scripts
2025-01-31 16:13:28 - [91m[404][0m Found: http://www.sourashtracollege.com/news
2025-01-31 16:13:29 - [93m[301][0m Found: http://www.sourashtracollege.com/js
2025-01-31 16:13:29 - [91m[404][0m Found: http://www.sourashtracollege.com/cash
2025-01-31 16:13:29 - [93m[301][0m Found: http://www.sourashtracollege.com/old
2025-01-31 16:13:30 - [93m[301][0m Found: http://www.sourashtracollege.com/images
2025-01-31 16:13:30 - [91m[404][0m Found: http://www.sourashtracollege.com/video
2025-01-31 16:13:30 - [91m[404][0m Found: http://www.sourashtracollege.com/netapp
2025-01-31 16:13:30 - [91m[404][0m Found: http://www.sourashtracollege.com/cutenews
2025-01-31 16:13:31 - [91m[404][0m Found: http://www.sourashtracollege.com/applicattion
2025-01-31 16:13:31 - [91m[404][0m Found: http://www.sourashtracollege.com/applicattions
2025-01-31 16:13:31 - [91m[404][0m Found: http://www.sourashtracollege.com/beta
2025-01-31 16:13:31 - [93m[301][0m Found: http://www.sourashtracollege.com/pdf
2025-01-31 16:13:32 - [93m[301][0m Found: http://www.sourashtracollege.com/css
2025-01-31 16:13:32 - [91m[404][0m Found: http://www.sourashtracollege.com/games
2025-01-31 16:13:33 - [91m[404][0m Found: http://www.sourashtracollege.com/sitemap
2025-01-31 16:13:34 - [91m[404][0m Found: http://www.sourashtracollege.com/123apps
2025-01-31 16:13:34 - [91m[404][0m Found: http://www.sourashtracollege.com/acnews
2025-01-31 16:13:34 - [91m[404][0m Found: http://www.sourashtracollege.com/actionapps
2025-01-31 16:13:35 - [91m[404][0m Found: http://www.sourashtracollege.com/adzapper
2025-01-31 16:13:37 - [91m[404][0m Found: http://www.sourashtracollege.com/app
2025-01-31 16:13:37 - [91m[404][0m Found: http://www.sourashtracollege.com/appalachian
2025-01-31 16:13:37 - [91m[404][0m Found: http://www.sourashtracollege.com/appfluent
2025-01-31 16:13:37 - [91m[404][0m Found: http://www.sourashtracollege.com/appideas
2025-01-31 16:13:37 - [91m[404][0m Found: http://www.sourashtracollege.com/appieshost
2025-01-31 16:13:37 - [91m[404][0m Found: http://www.sourashtracollege.com/apple
2025-01-31 16:13:37 - [91m[404][0m Found: http://www.sourashtracollege.com/appindex
2025-01-31 16:13:37 - [91m[404][0m Found: http://www.sourashtracollege.com/applejuice
2025-01-31 16:13:37 - [91m[404][0m Found: http://www.sourashtracollege.com/application
2025-01-31 16:13:37 - [91m[404][0m Found: http://www.sourashtracollege.com/applied
2025-01-31 16:13:37 - [91m[404][0m Found: http://www.sourashtracollege.com/appserv
2025-01-31 16:13:37 - [91m[404][0m Found: http://www.sourashtracollege.com/appligent
2025-01-31 16:13:38 - [91m[404][0m Found: http://www.sourashtracollege.com/aspapp
2025-02-12 02:49:18 - [92m[200][0m Found: https://dhhodisha.in/index.php/admin/
2025-02-12 02:49:23 - [92m[200][0m Found: https://dhhodisha.in/index.php/admin/
2025-02-12 02:49:30 - [92m[200][0m Found: https://dhhodisha.in/index.php/admin/
2025-02-12 02:49:36 - [92m[200][0m Found: https://dhhodisha.in/index.php/admin/
2025-02-12 02:49:42 - [92m[200][0m Found: https://dhhodisha.in/index.php/admin/
2025-02-12 02:49:48 - [92m[200][0m Found: https://dhhodisha.in/index.php/admin/
2025-02-12 02:49:55 - [92m[200][0m Found: https://dhhodisha.in/index.php/admin/
2025-02-12 02:50:03 - [92m[200][0m Found: https://dhhodisha.in/index.php/admin/
2025-02-12 02:50:12 - [92m[200][0m Found: https://dhhodisha.in/index.php/admin
2025-02-12 02:51:49 - [92m[200][0m Found: https://dhhodisha.in/index.php/admin/
2025-02-12 02:51:54 - [92m[200][0m Found: https://dhhodisha.in/index.php/admin/
2025-02-12 02:52:00 - [92m[200][0m Found: https://dhhodisha.in/index.php/admin/
2025-02-12 02:52:06 - [92m[200][0m Found: https://dhhodisha.in/index.php/admin/
2025-02-12 02:52:12 - [92m[200][0m Found: https://dhhodisha.in/index.php/admin/
2025-02-12 02:52:19 - [92m[200][0m Found: https://dhhodisha.in/index.php/admin/
2025-02-12 02:53:49 - [93m[301][0m Found: https://dhhodisha.in/upload
2025-02-12 02:53:51 - [93m[301][0m Found: https://dhhodisha.in/public
2025-02-12 02:53:52 - [91m[403][0m Found: https://dhhodisha.in/system
2025-02-12 02:54:28 - [93m[301][0m Found: https://dhhodisha.in/application
2025-02-12 03:14:34 - [93m[301][0m Found: https://dhhodisha.in/upload
2025-02-12 03:14:36 - [93m[301][0m Found: https://dhhodisha.in/public
2025-02-12 03:14:37 - [91m[403][0m Found: https://dhhodisha.in/system
2025-02-12 03:15:14 - [93m[301][0m Found: https://dhhodisha.in/application
